<?xml version="1.0" encoding="UTF-8"?>
<!-- Generated by org.testng.reporters.JUnitReportReporter -->
<testsuite name="com.usa.practice.testng.code.ParameterByMethodInDataprovider" tests="6" time="19.424" ignored="1" failures="0" timestamp="13 Jan 2018 19:55:35 GMT" skipped="0" hostname="DESKTOP-FLR20HU" errors="0">
  <testcase name="testMethodB" time="3.190" classname="com.usa.practice.testng.code.ParameterByMethodInDataprovider"/>
  <testcase name="testMethodB" time="3.187" classname="com.usa.practice.testng.code.ParameterByMethodInDataprovider"/>
  <testcase name="testMethodA" time="3.196" classname="com.usa.practice.testng.code.ParameterByMethodInDataprovider"/>
  <testcase name="testMethodA" time="3.525" classname="com.usa.practice.testng.code.ParameterByMethodInDataprovider"/>
  <testcase name="testMethodA" time="3.165" classname="com.usa.practice.testng.code.ParameterByMethodInDataprovider"/>
  <testcase name="testMethodB" time="3.161" classname="com.usa.practice.testng.code.ParameterByMethodInDataprovider"/>
  <testcase name="firstTest" classname="com.usa.practice.testng.code.EnableOrDisableTest">
    <skipped/>
  </testcase> <!-- firstTest -->
</testsuite> <!-- com.usa.practice.testng.code.ParameterByMethodInDataprovider -->
