<?xml version="1.0" encoding="UTF-8"?>
<!-- Generated by org.testng.reporters.JUnitReportReporter -->
<testsuite name="com.usa.practice.testng.code.UnitTesting" tests="1" time="0.006" ignored="0" failures="0" timestamp="22 Nov 2017 22:06:14 GMT" skipped="0" hostname="mohammed" errors="0">
  <testcase name="getsalary" time="0.006" classname="com.usa.practice.testng.code.UnitTesting"/>
</testsuite> <!-- com.usa.practice.testng.code.UnitTesting -->
