<?xml version="1.0" encoding="UTF-8"?>
<!-- Generated by org.testng.reporters.JUnitReportReporter -->
<testsuite name="com.usa.practice.testng.code.EnableOrDisableTest" tests="2" time="0.006" ignored="1" failures="0" timestamp="13 Jan 2018 19:55:35 GMT" skipped="0" hostname="DESKTOP-FLR20HU" errors="0">
  <testcase name="secondTest" time="0.004" classname="com.usa.practice.testng.code.EnableOrDisableTest"/>
  <testcase name="thirdtest" time="0.002" classname="com.usa.practice.testng.code.EnableOrDisableTest"/>
  <testcase name="firstTest" classname="com.usa.practice.testng.code.EnableOrDisableTest">
    <skipped/>
  </testcase> <!-- firstTest -->
</testsuite> <!-- com.usa.practice.testng.code.EnableOrDisableTest -->
