<?xml version="1.0" encoding="UTF-8"?>
<!-- Generated by org.testng.reporters.JUnitReportReporter -->
<testsuite name="com.usa.practice.testng.code.ParameterByMethodInDataprovider" tests="6" time="18.977" ignored="0" failures="0" timestamp="23 Nov 2017 00:07:50 GMT" skipped="0" hostname="mohammed" errors="0">
  <testcase name="testMethodA" time="3.099" classname="com.usa.practice.testng.code.ParameterByMethodInDataprovider"/>
  <testcase name="testMethodB" time="3.131" classname="com.usa.practice.testng.code.ParameterByMethodInDataprovider"/>
  <testcase name="testMethodB" time="3.145" classname="com.usa.practice.testng.code.ParameterByMethodInDataprovider"/>
  <testcase name="testMethodA" time="3.287" classname="com.usa.practice.testng.code.ParameterByMethodInDataprovider"/>
  <testcase name="testMethodA" time="3.146" classname="com.usa.practice.testng.code.ParameterByMethodInDataprovider"/>
  <testcase name="testMethodB" time="3.169" classname="com.usa.practice.testng.code.ParameterByMethodInDataprovider"/>
</testsuite> <!-- com.usa.practice.testng.code.ParameterByMethodInDataprovider -->
