<?xml version="1.0" encoding="UTF-8"?>
<!-- Generated by org.testng.reporters.JUnitReportReporter -->
<testsuite name="com.usa.practice.testng.code.UnitTesting" tests="1" time="0.004" ignored="0" failures="0" timestamp="16 Jan 2018 21:22:04 GMT" skipped="0" hostname="DESKTOP-FLR20HU" errors="0">
  <testcase name="getsalary" time="0.004" classname="com.usa.practice.testng.code.UnitTesting"/>
</testsuite> <!-- com.usa.practice.testng.code.UnitTesting -->
