<?xml version="1.0" encoding="UTF-8"?>
<!-- Generated by org.testng.reporters.JUnitReportReporter -->
<testsuite name="com.usa.student.testng.CrossBrowserTest" tests="1" time="9.706" ignored="0" failures="0" timestamp="10 Nov 2017 07:29:08 GMT" skipped="0" hostname="DESKTOP-A7L5GQS" errors="0">
  <testcase name="getbrowser" time="9.706" classname="com.usa.student.testng.CrossBrowserTest"/>
</testsuite> <!-- com.usa.student.testng.CrossBrowserTest -->
