<?xml version="1.0" encoding="UTF-8"?>
<!-- Generated by org.testng.reporters.JUnitReportReporter -->
<testsuite name="com.usa.practice.testng.code.TestNGListeners" tests="2" time="11.952" ignored="0" failures="0" timestamp="13 Dec 2017 17:55:29 GMT" skipped="0" hostname="mohammed" errors="0">
  <testcase name="Login" time="11.949" classname="com.usa.practice.testng.code.TestNGListeners"/>
  <testcase name="TestToFail" time="0.003" classname="com.usa.practice.testng.code.TestNGListeners"/>
</testsuite> <!-- com.usa.practice.testng.code.TestNGListeners -->
