<?xml version="1.0" encoding="UTF-8"?>
<!-- Generated by org.testng.reporters.JUnitReportReporter -->
<testsuite name="com.usa.sql.practice.code.DataBaseConn" tests="1" time="83.474" ignored="0" failures="0" timestamp="11 Nov 2017 06:55:07 GMT" skipped="0" hostname="DESKTOP-A7L5GQS" errors="0">
  <testcase name="tc_1" time="83.474" classname="com.usa.sql.practice.code.DataBaseConn"/>
</testsuite> <!-- com.usa.sql.practice.code.DataBaseConn -->
