<?xml version="1.0" encoding="UTF-8"?>
<!-- Generated by org.testng.reporters.JUnitReportReporter -->
<testsuite name="com.usa.ttech.practicecode.UnitTesting" tests="1" time="0.003" ignored="1" failures="0" timestamp="13 Jan 2018 19:55:35 GMT" skipped="0" hostname="DESKTOP-FLR20HU" errors="0">
  <testcase name="getsalary" time="0.003" classname="com.usa.ttech.practicecode.UnitTesting"/>
  <testcase name="firstTest" classname="com.usa.practice.testng.code.EnableOrDisableTest">
    <skipped/>
  </testcase> <!-- firstTest -->
</testsuite> <!-- com.usa.ttech.practicecode.UnitTesting -->
