<?xml version="1.0" encoding="UTF-8"?>
<!-- Generated by org.testng.reporters.JUnitReportReporter -->
<testsuite name="com.usa.student.testng.ParameterByMethodInDataprovider" tests="6" time="18.791" ignored="0" failures="0" timestamp="10 Nov 2017 07:29:08 GMT" skipped="0" hostname="DESKTOP-A7L5GQS" errors="0">
  <testcase name="testMethodA" time="3.168" classname="com.usa.student.testng.ParameterByMethodInDataprovider"/>
  <testcase name="testMethodA" time="3.140" classname="com.usa.student.testng.ParameterByMethodInDataprovider"/>
  <testcase name="testMethodB" time="3.134" classname="com.usa.student.testng.ParameterByMethodInDataprovider"/>
  <testcase name="testMethodA" time="3.123" classname="com.usa.student.testng.ParameterByMethodInDataprovider"/>
  <testcase name="testMethodB" time="3.108" classname="com.usa.student.testng.ParameterByMethodInDataprovider"/>
  <testcase name="testMethodB" time="3.118" classname="com.usa.student.testng.ParameterByMethodInDataprovider"/>
</testsuite> <!-- com.usa.student.testng.ParameterByMethodInDataprovider -->
