<?xml version="1.0" encoding="UTF-8"?>
<!-- Generated by org.testng.reporters.JUnitReportReporter -->
<testsuite name="com.usa.practice.testng.code.TestNGListeners" tests="2" time="10.612" ignored="0" failures="0" timestamp="23 Nov 2017 00:06:14 GMT" skipped="0" hostname="mohammed" errors="0">
  <testcase name="TestToFail" time="0.005" classname="com.usa.practice.testng.code.TestNGListeners"/>
  <testcase name="Login" time="10.607" classname="com.usa.practice.testng.code.TestNGListeners"/>
</testsuite> <!-- com.usa.practice.testng.code.TestNGListeners -->
