<?xml version="1.0" encoding="UTF-8"?>
<!-- Generated by org.testng.reporters.JUnitReportReporter -->
<testsuite name="com.usa.practice.testng.code.LoginFunction" tests="1" time="0.051" ignored="1" failures="0" timestamp="13 Jan 2018 19:55:35 GMT" skipped="0" hostname="DESKTOP-FLR20HU" errors="0">
  <testcase name="Test01" time="0.051" classname="com.usa.practice.testng.code.LoginFunction"/>
  <testcase name="firstTest" classname="com.usa.practice.testng.code.EnableOrDisableTest">
    <skipped/>
  </testcase> <!-- firstTest -->
</testsuite> <!-- com.usa.practice.testng.code.LoginFunction -->
