<?xml version="1.0" encoding="UTF-8"?>
<!-- Generated by org.testng.reporters.JUnitReportReporter -->
<testsuite name="com.usa.practice.testng.code.EnableOrDisableTest" tests="2" time="0.016" ignored="1" failures="0" timestamp="23 Nov 2017 00:16:46 GMT" skipped="0" hostname="mohammed" errors="0">
  <testcase name="secondTest" time="0.016" classname="com.usa.practice.testng.code.EnableOrDisableTest"/>
  <testcase name="thirdtest" time="0.000" classname="com.usa.practice.testng.code.EnableOrDisableTest"/>
  <testcase name="firstTest" classname="com.usa.practice.testng.code.EnableOrDisableTest">
    <skipped/>
  </testcase> <!-- firstTest -->
</testsuite> <!-- com.usa.practice.testng.code.EnableOrDisableTest -->
