<?xml version="1.0" encoding="UTF-8"?>
<!-- Generated by org.testng.reporters.JUnitReportReporter -->
<testsuite name="com.usa.practice.testng.code.TestNGListeners" tests="2" time="13.202" ignored="0" failures="0" timestamp="16 Jan 2018 18:45:01 GMT" skipped="0" hostname="DESKTOP-FLR20HU" errors="0">
  <testcase name="Login" time="13.186" classname="com.usa.practice.testng.code.TestNGListeners"/>
  <testcase name="TestToFail" time="0.016" classname="com.usa.practice.testng.code.TestNGListeners"/>
</testsuite> <!-- com.usa.practice.testng.code.TestNGListeners -->
