<?xml version="1.0" encoding="UTF-8"?>
<!-- Generated by org.testng.reporters.JUnitReportReporter -->
<testsuite name="com.usa.student.testng.UnitTesting" tests="1" time="0.003" ignored="0" failures="0" timestamp="10 Nov 2017 07:29:08 GMT" skipped="0" hostname="DESKTOP-A7L5GQS" errors="0">
  <testcase name="getsalary" time="0.003" classname="com.usa.student.testng.UnitTesting"/>
</testsuite> <!-- com.usa.student.testng.UnitTesting -->
