<?xml version="1.0" encoding="UTF-8"?>
<!-- Generated by org.testng.reporters.JUnitReportReporter -->
<testsuite name="com.usa.practice.testng.code.TestPriority" tests="3" time="0.014" ignored="0" failures="0" timestamp="16 Jan 2018 21:23:53 GMT" skipped="0" hostname="DESKTOP-FLR20HU" errors="0">
  <testcase name="firstTest" time="0.001" classname="com.usa.practice.testng.code.TestPriority"/>
  <testcase name="thirdtest" time="0.013" classname="com.usa.practice.testng.code.TestPriority"/>
  <testcase name="secondTest" time="0.000" classname="com.usa.practice.testng.code.TestPriority"/>
</testsuite> <!-- com.usa.practice.testng.code.TestPriority -->
