<?xml version="1.0" encoding="UTF-8"?>
<!-- Generated by org.testng.reporters.JUnitReportReporter -->
<testsuite name="com.usa.student.testng.LoginFunction" tests="1" time="0.012" ignored="0" failures="0" timestamp="10 Nov 2017 07:29:08 GMT" skipped="0" hostname="DESKTOP-A7L5GQS" errors="0">
  <testcase name="Test01" time="0.012" classname="com.usa.student.testng.LoginFunction"/>
</testsuite> <!-- com.usa.student.testng.LoginFunction -->
