<?xml version="1.0" encoding="UTF-8"?>
<!-- Generated by org.testng.reporters.JUnitReportReporter -->
<testsuite name="com.usa.student.testng.TestNGListeners" tests="2" time="5.874" ignored="0" failures="0" timestamp="10 Nov 2017 07:29:08 GMT" skipped="0" hostname="DESKTOP-A7L5GQS" errors="0">
  <testcase name="TestToFail" time="0.005" classname="com.usa.student.testng.TestNGListeners"/>
  <testcase name="Login" time="5.869" classname="com.usa.student.testng.TestNGListeners"/>
</testsuite> <!-- com.usa.student.testng.TestNGListeners -->
