<?xml version="1.0" encoding="UTF-8"?>
<!-- Generated by org.testng.reporters.JUnitReportReporter -->
<testsuite name="com.usa.practice.testng.code.CrossBrowserTest" tests="1" time="17.600" ignored="0" failures="0" timestamp="15 Nov 2017 03:00:20 GMT" skipped="0" hostname="mohammed" errors="0">
  <testcase name="getbrowser" time="17.600" classname="com.usa.practice.testng.code.CrossBrowserTest"/>
</testsuite> <!-- com.usa.practice.testng.code.CrossBrowserTest -->
