<?xml version="1.0" encoding="UTF-8"?>
<!-- Generated by org.testng.reporters.JUnitReportReporter -->
<testsuite name="com.usa.practice.testng.code.EnableOrDisableTest" tests="3" time="0.001" ignored="0" failures="0" timestamp="15 Nov 2017 03:00:20 GMT" skipped="0" hostname="mohammed" errors="0">
  <testcase name="thirdtest" time="0.000" classname="com.usa.practice.testng.code.EnableOrDisableTest"/>
  <testcase name="firstTest" time="0.000" classname="com.usa.practice.testng.code.EnableOrDisableTest"/>
  <testcase name="secondTest" time="0.001" classname="com.usa.practice.testng.code.EnableOrDisableTest"/>
</testsuite> <!-- com.usa.practice.testng.code.EnableOrDisableTest -->
