<?xml version="1.0" encoding="UTF-8"?>
<!-- Generated by org.testng.reporters.JUnitReportReporter -->
<testsuite name="com.usa.practice.testng.code.TestNGListeners" tests="2" time="7.969" ignored="0" failures="0" timestamp="15 Nov 2017 03:00:20 GMT" skipped="0" hostname="mohammed" errors="0">
  <testcase name="Login" time="7.968" classname="com.usa.practice.testng.code.TestNGListeners"/>
  <testcase name="TestToFail" time="0.001" classname="com.usa.practice.testng.code.TestNGListeners"/>
</testsuite> <!-- com.usa.practice.testng.code.TestNGListeners -->
